2024-12-22 19:38:32 INFO  Utils:112 - [TestNG] Running:
  E:\Learnings\Testing\Selenium\OpenCartV01\Master.xml

2024-12-22 19:38:35 INFO  BaseClass:15 - **** Starting TC_001_AccountRegistrationTest ****
2024-12-22 19:38:36 INFO  BaseClass:22 - **** Clicked on MyAccount ****
2024-12-22 19:38:36 INFO  BaseClass:24 - **** Clicked on Register ****
2024-12-22 19:38:36 INFO  BaseClass:26 - **** Entering Details ****
2024-12-22 19:38:38 INFO  BaseClass:37 - **** Clicking Continue****
2024-12-22 19:38:39 INFO  BaseClass:40 - **** Validating Error Message****
2024-12-22 19:38:39 INFO  BaseClass:43 - ---- TC_001_AccountRegistrationTest Passed ----
2024-12-22 19:38:39 INFO  BaseClass:54 - **** Finished TC_001_AccountRegistrationTest ****
2024-12-22 19:38:42 INFO  BaseClass:17 - **** Starting TC_002_LoginTest ****
2024-12-22 19:38:42 INFO  BaseClass:22 - **** Clicked on My Account ****
2024-12-22 19:38:42 INFO  BaseClass:24 - **** Clicked on Login ****
2024-12-22 19:38:42 INFO  BaseClass:27 - **** Entering login details ****
2024-12-22 19:38:43 INFO  BaseClass:30 - **** Clicking login ****
2024-12-22 19:38:44 INFO  BaseClass:33 - **** Verifying the login message ****
2024-12-22 19:38:44 INFO  BaseClass:36 - **** TC_002_LoginTest Passed ****
2024-12-22 19:38:44 INFO  BaseClass:46 - **** Finished TC_002_LoginTest ****
2024-12-22 19:38:48 INFO  BaseClass:16 - **** Starting TC_003_LoginDDT  ****
2024-12-22 19:38:48 INFO  BaseClass:20 - **** Clicking My Account  ****
2024-12-22 19:38:48 INFO  BaseClass:22 - **** Clicking Login  ****
2024-12-22 19:38:49 INFO  BaseClass:25 - **** Entering login details ****
2024-12-22 19:38:50 INFO  BaseClass:31 - **** verifying login message ****
2024-12-22 19:39:00 INFO  BaseClass:50 - ****  TC_003_LoginDDT Passed ****
2024-12-22 19:39:00 INFO  BaseClass:59 - **** Finished TC_003_LoginDDT  ****
2024-12-22 19:39:01 INFO  BaseClass:16 - **** Starting TC_003_LoginDDT  ****
2024-12-22 19:39:01 INFO  BaseClass:20 - **** Clicking My Account  ****
2024-12-22 19:39:01 INFO  BaseClass:22 - **** Clicking Login  ****
2024-12-22 19:39:02 INFO  BaseClass:25 - **** Entering login details ****
2024-12-22 19:39:03 INFO  BaseClass:31 - **** verifying login message ****
2024-12-22 19:39:13 INFO  BaseClass:50 - ****  TC_003_LoginDDT Passed ****
2024-12-22 19:39:13 INFO  BaseClass:59 - **** Finished TC_003_LoginDDT  ****
2024-12-22 19:39:14 INFO  BaseClass:16 - **** Starting TC_003_LoginDDT  ****
2024-12-22 19:39:14 INFO  BaseClass:20 - **** Clicking My Account  ****
2024-12-22 19:39:14 INFO  BaseClass:22 - **** Clicking Login  ****
2024-12-22 19:39:15 INFO  BaseClass:25 - **** Entering login details ****
2024-12-22 19:39:16 INFO  BaseClass:31 - **** verifying login message ****
2024-12-22 19:39:16 INFO  BaseClass:37 - ****  TC_003_LoginDDT Passed ****
2024-12-22 19:39:17 INFO  BaseClass:59 - **** Finished TC_003_LoginDDT  ****
2024-12-22 19:39:18 INFO  BaseClass:16 - **** Starting TC_003_LoginDDT  ****
2024-12-22 19:39:18 INFO  BaseClass:20 - **** Clicking My Account  ****
2024-12-22 19:39:18 INFO  BaseClass:22 - **** Clicking Login  ****
2024-12-22 19:39:18 INFO  BaseClass:25 - **** Entering login details ****
2024-12-22 19:39:20 INFO  BaseClass:31 - **** verifying login message ****
2024-12-22 19:39:30 INFO  BaseClass:50 - ****  TC_003_LoginDDT Passed ****
2024-12-22 19:39:30 INFO  BaseClass:59 - **** Finished TC_003_LoginDDT  ****
